Build started 15/05/2018 13:59:12.
     1>Project "E:\collage\HND\Graded unit\Implementation\game atempt 1\The-Great-Escape\ZombieArena\ZombieArena\ZombieArena.vcxproj" on node 2 (Build target(s)).
     1>ClCompile:
         C:\Program Files (x86)\Microsoft Visual Studio 14.0\VC\bin\CL.exe /c /I"..\..\SFML-2.4.2\include" /ZI /nologo /W3 /WX- /sdl /Od /Oy- /D WIN32 /D _DEBUG /D _CONSOLE /D _UNICODE /D UNICODE /Gm /EHsc /RTC1 /MDd /GS /fp:precise /Zc:wchar_t /Zc:forScope /Zc:inline /Yu"stdafx.h" /Fp"Debug\ZombieArena.pch" /Fo"Debug\\" /Fd"Debug\vc140.pdb" /Gd /TP /analyze- /errorReport:prompt Player.cpp
         Player.cpp
     1>e:\collage\hnd\graded unit\implementation\game atempt 1\the-great-escape\zombiearena\zombiearena\player.cpp(8): warning C4244: '=': conversion from 'const float' to 'int', possible loss of data
     1>e:\collage\hnd\graded unit\implementation\game atempt 1\the-great-escape\zombiearena\zombiearena\player.cpp(9): warning C4244: '=': conversion from 'const float' to 'int', possible loss of data
     1>e:\collage\hnd\graded unit\implementation\game atempt 1\the-great-escape\zombiearena\zombiearena\player.cpp(45): warning C4244: '=': conversion from 'const float' to 'int', possible loss of data
     1>e:\collage\hnd\graded unit\implementation\game atempt 1\the-great-escape\zombiearena\zombiearena\player.cpp(46): warning C4244: '=': conversion from 'const float' to 'int', possible loss of data
     1>e:\collage\hnd\graded unit\implementation\game atempt 1\the-great-escape\zombiearena\zombiearena\player.cpp(77): error C2661: 'sf::Transformable::setPosition': no overloaded function takes 0 arguments
     1>e:\collage\hnd\graded unit\implementation\game atempt 1\the-great-escape\zombiearena\zombiearena\player.cpp(181): warning C4244: '=': conversion from 'int' to 'float', possible loss of data
     1>e:\collage\hnd\graded unit\implementation\game atempt 1\the-great-escape\zombiearena\zombiearena\player.cpp(188): warning C4244: '=': conversion from 'int' to 'float', possible loss of data
     1>e:\collage\hnd\graded unit\implementation\game atempt 1\the-great-escape\zombiearena\zombiearena\player.cpp(195): warning C4244: '=': conversion from 'int' to 'float', possible loss of data
     1>e:\collage\hnd\graded unit\implementation\game atempt 1\the-great-escape\zombiearena\zombiearena\player.cpp(202): warning C4244: '=': conversion from 'int' to 'float', possible loss of data
     1>e:\collage\hnd\graded unit\implementation\game atempt 1\the-great-escape\zombiearena\zombiearena\player.cpp(208): warning C4244: 'initializing': conversion from 'double' to 'float', possible loss of data
     1>e:\collage\hnd\graded unit\implementation\game atempt 1\the-great-escape\zombiearena\zombiearena\player.cpp(215): warning C4244: '+=': conversion from 'double' to 'float', possible loss of data
     1>e:\collage\hnd\graded unit\implementation\game atempt 1\the-great-escape\zombiearena\zombiearena\player.cpp(221): warning C4244: '=': conversion from 'double' to 'int', possible loss of data
     1>Done Building Project "E:\collage\HND\Graded unit\Implementation\game atempt 1\The-Great-Escape\ZombieArena\ZombieArena\ZombieArena.vcxproj" (Build target(s)) -- FAILED.

Build FAILED.

Time Elapsed 00:00:00.47
